e:\大学\数据库系统\project\minisql\minisql\minisql\debug\vc120.pdb
e:\大学\数据库系统\project\minisql\minisql\minisql\debug\vc120.idb
e:\大学\数据库系统\project\minisql\minisql\minisql\debug\api.obj
e:\大学\数据库系统\project\minisql\minisql\minisql\debug\attribute.obj
e:\大学\数据库系统\project\minisql\minisql\minisql\debug\buffermanager.obj
e:\大学\数据库系统\project\minisql\minisql\minisql\debug\catalogmanager.obj
e:\大学\数据库系统\project\minisql\minisql\minisql\debug\condition.obj
e:\大学\数据库系统\project\minisql\minisql\minisql\debug\indexmanager.obj
e:\大学\数据库系统\project\minisql\minisql\minisql\debug\interpreter.obj
e:\大学\数据库系统\project\minisql\minisql\minisql\debug\main.obj
e:\大学\数据库系统\project\minisql\minisql\minisql\debug\recordmanager.obj
e:\大学\数据库系统\project\minisql\minisql\debug\minisql.ilk
e:\大学\数据库系统\project\minisql\minisql\debug\minisql.exe
e:\大学\数据库系统\project\minisql\minisql\debug\minisql.pdb
e:\大学\数据库系统\project\minisql\minisql\minisql\debug\minisql.tlog\cl.command.1.tlog
e:\大学\数据库系统\project\minisql\minisql\minisql\debug\minisql.tlog\cl.read.1.tlog
e:\大学\数据库系统\project\minisql\minisql\minisql\debug\minisql.tlog\cl.write.1.tlog
e:\大学\数据库系统\project\minisql\minisql\minisql\debug\minisql.tlog\link.command.1.tlog
e:\大学\数据库系统\project\minisql\minisql\minisql\debug\minisql.tlog\link.read.1.tlog
e:\大学\数据库系统\project\minisql\minisql\minisql\debug\minisql.tlog\link.write.1.tlog
