生成启动时间为 2016/6/3 21:41:16。
     1>项目“E:\大学\数据库系统\Project\MiniSQL\minisql\minisql\minisql.vcxproj”在节点 2 上(Build 个目标)。
     1>ClCompile:
         F:\Program Files\Microsoft Visual Studio 12.0\VC\bin\CL.exe /c /ZI /nologo /W3 /WX- /sdl /Od /Oy- /D WIN32 /D _DEBUG /D _CONSOLE /D _LIB /D _CRT_SECURE_NO_WARNINGS /D _UNICODE /D UNICODE /Gm /EHsc /RTC1 /MDd /GS /fp:precise /Zc:wchar_t /Zc:forScope /Fo"Debug\\" /Fd"Debug\vc120.pdb" /Gd /TP /analyze- /errorReport:prompt CatalogManager.cpp
         CatalogManager.cpp
     1>e:\大学\数据库系统\project\minisql\minisql\minisql\catalogmanager.cpp(56): warning C4018: “<”: 有符号/无符号不匹配
     1>e:\大学\数据库系统\project\minisql\minisql\minisql\catalogmanager.cpp(81): warning C4018: “<”: 有符号/无符号不匹配
     1>e:\大学\数据库系统\project\minisql\minisql\minisql\catalogmanager.cpp(157): warning C4018: “<”: 有符号/无符号不匹配
     1>e:\大学\数据库系统\project\minisql\minisql\minisql\catalogmanager.cpp(185): warning C4018: “<”: 有符号/无符号不匹配
     1>e:\大学\数据库系统\project\minisql\minisql\minisql\catalogmanager.cpp(194): warning C4018: “<”: 有符号/无符号不匹配
     1>e:\大学\数据库系统\project\minisql\minisql\minisql\catalogmanager.cpp(262): warning C4018: “<”: 有符号/无符号不匹配
     1>e:\大学\数据库系统\project\minisql\minisql\minisql\catalogmanager.cpp(366): warning C4018: “<”: 有符号/无符号不匹配
     1>e:\大学\数据库系统\project\minisql\minisql\minisql\catalogmanager.cpp(512): warning C4018: “<”: 有符号/无符号不匹配
     1>e:\大学\数据库系统\project\minisql\minisql\minisql\catalogmanager.cpp(168): warning C4715: “CatalogManager::findIndex”: 不是所有的控件路径都返回值
     1>e:\大学\数据库系统\project\minisql\minisql\minisql\catalogmanager.cpp(501): warning C4715: “CatalogManager::calcuteLenth2”: 不是所有的控件路径都返回值
       Link:
         F:\Program Files\Microsoft Visual Studio 12.0\VC\bin\link.exe /ERRORREPORT:PROMPT /OUT:"E:\大学\数据库系统\Project\MiniSQL\minisql\Debug\minisql.exe" /INCREMENTAL /NOLOGO kernel32.lib user32.lib gdi32.lib winspool.lib comdlg32.lib advapi32.lib shell32.lib ole32.lib oleaut32.lib uuid.lib odbc32.lib odbccp32.lib /MANIFEST /MANIFESTUAC:"level='asInvoker' uiAccess='false'" /manifest:embed /DEBUG /PDB:"E:\大学\数据库系统\Project\MiniSQL\minisql\Debug\minisql.pdb" /SUBSYSTEM:CONSOLE /TLBID:1 /DYNAMICBASE /NXCOMPAT /IMPLIB:"E:\大学\数据库系统\Project\MiniSQL\minisql\Debug\minisql.lib" /MACHINE:X86 Debug\API.obj
         Debug\Attribute.obj
         Debug\BufferManager.obj
         Debug\CatalogManager.obj
         Debug\Condition.obj
         Debug\IndexManager.obj
         Debug\Interpreter.obj
         Debug\main.obj
         Debug\RecordManager.obj
         minisql.vcxproj -> E:\大学\数据库系统\Project\MiniSQL\minisql\Debug\minisql.exe
     1>已完成生成项目“E:\大学\数据库系统\Project\MiniSQL\minisql\minisql\minisql.vcxproj”(Build 个目标)的操作。

生成成功。

已用时间 00:00:05.22
